<?xml version='1.0'?>
<ns2:test-suite xmlns:ns2='urn:model.allure.qatools.yandex.ru' start='1666163732459' stop='1666163933033'>
    <name>deleteOrganization</name>
    <title>deleteOrganization</title>
    <test-cases>
        <test-case start='1666163740455' status='broken' stop='1666163800494'>
            <name>login</name>
            <title>login</title>
            <labels>
                <label name='language' value='javascript'/>
                <label name='framework' value='wdio'/>
                <label name='thread' value='0-0'/>
            </labels>
            <parameters>
                <parameter kind='argument' name='browser' value='chrome-106.0.5249.119'/>
                <parameter kind='argument' name='browserVersion' value='106.0.5249.119'/>
            </parameters>
            <steps/>
            <attachments>
                <attachment title='Execution video' source='6c3d1ff7-da98-444d-9ebc-9b3ae5a51ab8-attachment.mp4' type='video/mp4' size='109'/>
            </attachments>
            <failure>
                <message>Timeout of 60000ms exceeded. The execution in the test "deleteOrganization login" took too long. Try to reduce the run time or increase your timeout for test specs (https://webdriver.io/docs/timeouts). (C:\Users\Admin\Desktop\webdriver IO\test\specs\deleteOrganization.js)</message>
                <stack-trace>Error: Timeout of 60000ms exceeded. The execution in the test "deleteOrganization login" took too long. Try to reduce the run time or increase your timeout for test specs (https://webdriver.io/docs/timeouts). (C:\Users\Admin\Desktop\webdriver IO\test\specs\deleteOrganization.js)
                    at createTimeoutError (C:\Users\Admin\Desktop\webdriver IO\node_modules\mocha\lib\errors.js:498:15)
                    at Test.Runnable._timeoutError (C:\Users\Admin\Desktop\webdriver IO\node_modules\mocha\lib\runnable.js:431:10)
                    at Timeout.&lt;anonymous> (C:\Users\Admin\Desktop\webdriver IO\node_modules\mocha\lib\runnable.js:246:24)
                    at listOnTimeout (node:internal/timers:559:17)
                    at processTimers (node:internal/timers:502:7)</stack-trace>
            </failure>
        </test-case>
        <test-case start='1666163800569' status='broken' stop='1666163860611'>
            <name>fill all details in create new organization page</name>
            <title>fill all details in create new organization page</title>
            <labels>
                <label name='language' value='javascript'/>
                <label name='framework' value='wdio'/>
                <label name='thread' value='0-0'/>
            </labels>
            <parameters>
                <parameter kind='argument' name='browser' value='chrome-106.0.5249.119'/>
                <parameter kind='argument' name='browserVersion' value='106.0.5249.119'/>
            </parameters>
            <steps/>
            <attachments>
                <attachment title='Execution video' source='6be66229-bf90-457b-93fd-df95eadfc56e-attachment.mp4' type='video/mp4' size='152'/>
            </attachments>
            <failure>
                <message>Timeout of 60000ms exceeded. The execution in the test "deleteOrganization fill all details in create new organization page" took too long. Try to reduce the run time or increase your timeout for test specs (https://webdriver.io/docs/timeouts). (C:\Users\Admin\Desktop\webdriver IO\test\specs\deleteOrganization.js)</message>
                <stack-trace>Error: Timeout of 60000ms exceeded. The execution in the test "deleteOrganization fill all details in create new organization page" took too long. Try to reduce the run time or increase your timeout for test specs (https://webdriver.io/docs/timeouts). (C:\Users\Admin\Desktop\webdriver IO\test\specs\deleteOrganization.js)
                    at createTimeoutError (C:\Users\Admin\Desktop\webdriver IO\node_modules\mocha\lib\errors.js:498:15)
                    at Test.Runnable._timeoutError (C:\Users\Admin\Desktop\webdriver IO\node_modules\mocha\lib\runnable.js:431:10)
                    at Timeout.&lt;anonymous> (C:\Users\Admin\Desktop\webdriver IO\node_modules\mocha\lib\runnable.js:246:24)
                    at listOnTimeout (node:internal/timers:559:17)
                    at processTimers (node:internal/timers:502:7)</stack-trace>
            </failure>
        </test-case>
        <test-case start='1666163860652' status='broken' stop='1666163920667'>
            <name>deleteTheCreatedOrganization</name>
            <title>deleteTheCreatedOrganization</title>
            <labels>
                <label name='language' value='javascript'/>
                <label name='framework' value='wdio'/>
                <label name='thread' value='0-0'/>
            </labels>
            <parameters>
                <parameter kind='argument' name='browser' value='chrome-106.0.5249.119'/>
                <parameter kind='argument' name='browserVersion' value='106.0.5249.119'/>
            </parameters>
            <steps/>
            <attachments>
                <attachment title='Execution video' source='a1df0512-2f8b-4b7f-ae31-11fb061eb4c0-attachment.mp4' type='video/mp4' size='132'/>
            </attachments>
            <failure>
                <message>Timeout of 60000ms exceeded. The execution in the test "deleteOrganization deleteTheCreatedOrganization" took too long. Try to reduce the run time or increase your timeout for test specs (https://webdriver.io/docs/timeouts). (C:\Users\Admin\Desktop\webdriver IO\test\specs\deleteOrganization.js)</message>
                <stack-trace>Error: Timeout of 60000ms exceeded. The execution in the test "deleteOrganization deleteTheCreatedOrganization" took too long. Try to reduce the run time or increase your timeout for test specs (https://webdriver.io/docs/timeouts). (C:\Users\Admin\Desktop\webdriver IO\test\specs\deleteOrganization.js)
                    at createTimeoutError (C:\Users\Admin\Desktop\webdriver IO\node_modules\mocha\lib\errors.js:498:15)
                    at Test.Runnable._timeoutError (C:\Users\Admin\Desktop\webdriver IO\node_modules\mocha\lib\runnable.js:431:10)
                    at Timeout.&lt;anonymous> (C:\Users\Admin\Desktop\webdriver IO\node_modules\mocha\lib\runnable.js:246:24)
                    at listOnTimeout (node:internal/timers:559:17)
                    at processTimers (node:internal/timers:502:7)</stack-trace>
            </failure>
        </test-case>
        <test-case start='1666163920690' status='passed' stop='1666163933025'>
            <name>validate the deleted organization present in list of organization</name>
            <title>validate the deleted organization present in list of organization</title>
            <labels>
                <label name='language' value='javascript'/>
                <label name='framework' value='wdio'/>
                <label name='thread' value='0-0'/>
            </labels>
            <parameters>
                <parameter kind='argument' name='browser' value='chrome-106.0.5249.119'/>
                <parameter kind='argument' name='browserVersion' value='106.0.5249.119'/>
            </parameters>
            <steps/>
            <attachments/>
        </test-case>
    </test-cases>
</ns2:test-suite>