<?xml version='1.0'?>
<ns2:test-suite xmlns:ns2='urn:model.allure.qatools.yandex.ru' start='1666077266526' stop='1666077288658'>
    <name>createOrganization</name>
    <title>createOrganization</title>
    <test-cases>
        <test-case start='1666077266527' status='passed' stop='1666077272529'>
            <name>login</name>
            <title>login</title>
            <labels>
                <label name='language' value='javascript'/>
                <label name='framework' value='wdio'/>
                <label name='thread' value='0-0'/>
            </labels>
            <parameters>
                <parameter kind='argument' name='browser' value='chrome-106.0.5249.119'/>
            </parameters>
            <steps/>
            <attachments/>
        </test-case>
        <test-case start='1666077272529' status='broken' stop='1666077278482'>
            <name>fill all details in create new organization page</name>
            <title>fill all details in create new organization page</title>
            <labels>
                <label name='language' value='javascript'/>
                <label name='framework' value='wdio'/>
                <label name='thread' value='0-0'/>
            </labels>
            <parameters>
                <parameter kind='argument' name='browser' value='chrome-106.0.5249.119'/>
            </parameters>
            <steps/>
            <attachments>
                <attachment title='Screenshot' source='f76fb9a1-2c24-4b83-96de-89091ba819e1-attachment.png' type='image/png' size='73641'/>
            </attachments>
            <failure>
                <message>actualOrgName is not defined</message>
                <stack-trace>ReferenceError: actualOrgName is not defined
                    at Context.&lt;anonymous> (C:\Users\Admin\Desktop\webdriver IO\test\specs\createOrganization.js:36:38)
                    at processTicksAndRejections (node:internal/process/task_queues:96:5)</stack-trace>
            </failure>
        </test-case>
        <test-case start='1666077278483' status='failed' stop='1666077288656'>
            <name>validating created organization</name>
            <title>validating created organization</title>
            <labels>
                <label name='language' value='javascript'/>
                <label name='framework' value='wdio'/>
                <label name='thread' value='0-0'/>
            </labels>
            <parameters>
                <parameter kind='argument' name='browser' value='chrome-106.0.5249.119'/>
            </parameters>
            <steps/>
            <attachments>
                <attachment title='Screenshot' source='876e2e0a-b4fe-4330-bbfa-831361aad87b-attachment.png' type='image/png' size='73641'/>
            </attachments>
            <failure>
                <message>Expect $(`//td[text()='Organization Information']`) to be displayed
                
                Expected: "displayed"
                Received: "not displayed"</message>
                <stack-trace>Error: Expect $(`//td[text()='Organization Information']`) to be displayed
                
                Expected: "displayed"
                Received: "not displayed"
                    at Context.&lt;anonymous> (C:\Users\Admin\Desktop\webdriver IO\test\specs\createOrganization.js:47:38)
                    at processTicksAndRejections (node:internal/process/task_queues:96:5)</stack-trace>
            </failure>
        </test-case>
    </test-cases>
</ns2:test-suite>